\BOOKMARK [0][-]{chapter*.5}{\376\377\000L\000i\000s\000t\000\040\000o\000f\000\040\000F\000i\000g\000u\000r\000e\000s}{}% 1
\BOOKMARK [0][-]{chapter*.6}{\376\377\000L\000i\000s\000t\000\040\000o\000f\000\040\000T\000a\000b\000l\000e\000s}{}% 2
\BOOKMARK [0][-]{chapter*.7}{\376\377\000L\000i\000s\000t\000i\000n\000g\000s}{}% 3
\BOOKMARK [0][-]{chapter*.7}{\376\377\000A\000b\000b\000r\000e\000v\000i\000a\000t\000i\000o\000n\000s}{}% 4
\BOOKMARK [0][-]{chapter*.8}{\376\377\000S\000y\000m\000b\000o\000l\000s}{}% 5
\BOOKMARK [0][-]{chapter.1}{\376\377\000I\000n\000t\000r\000o\000d\000u\000c\000t\000i\000o\000n}{}% 6
\BOOKMARK [1][-]{section.1.1}{\376\377\000A\000b\000o\000u\000t\000\040\000t\000h\000e\000\040\000t\000h\000e\000s\000i\000s}{chapter.1}% 7
\BOOKMARK [2][-]{subsection.1.1.1}{\376\377\000M\000o\000t\000i\000v\000a\000t\000i\000o\000n}{section.1.1}% 8
\BOOKMARK [2][-]{subsection.1.1.2}{\376\377\000B\000a\000c\000k\000u\000p\000\040\000v\000o\000i\000c\000e\000\040\000c\000o\000m\000m\000u\000n\000i\000c\000a\000t\000i\000o\000n\000\040\000s\000y\000s\000t\000e\000m}{section.1.1}% 9
\BOOKMARK [1][-]{section.1.2}{\376\377\000A\000i\000m}{chapter.1}% 10
\BOOKMARK [2][-]{subsection.1.2.1}{\376\377\000L\000i\000t\000e\000r\000a\000t\000u\000r\000e\000\040\000r\000e\000v\000i\000e\000w}{section.1.2}% 11
\BOOKMARK [2][-]{subsection.1.2.2}{\376\377\000D\000e\000l\000i\000v\000e\000r\000a\000b\000l\000e\000s}{section.1.2}% 12
\BOOKMARK [2][-]{subsection.1.2.3}{\376\377\000T\000h\000e\000s\000i\000s\000\040\000S\000t\000r\000u\000c\000t\000u\000r\000e}{section.1.2}% 13
\BOOKMARK [0][-]{chapter.2}{\376\377\000M\000e\000t\000h\000o\000d\000o\000l\000o\000g\000y}{}% 14
\BOOKMARK [1][-]{section.2.1}{\376\377\000E\000l\000e\000c\000t\000r\000i\000c\000a\000l\000\040\000e\000n\000e\000r\000g\000y\000\040\000d\000i\000s\000t\000r\000i\000b\000u\000t\000i\000o\000n}{chapter.2}% 15
\BOOKMARK [1][-]{section.2.2}{\376\377\000W\000i\000n\000d\000\040\000e\000n\000e\000r\000g\000y}{chapter.2}% 16
\BOOKMARK [1][-]{section.2.3}{\376\377\000S\000o\000l\000a\000r\000\040\000e\000n\000e\000r\000g\000y}{chapter.2}% 17
\BOOKMARK [2][-]{subsection.2.3.1}{\376\377\000A\000n\000g\000u\000l\000a\000r\000\040\000r\000e\000l\000a\000t\000i\000o\000n\000s\000h\000i\000p\000s}{section.2.3}% 18
\BOOKMARK [2][-]{subsection.2.3.2}{\376\377\000S\000o\000l\000a\000r\000\040\000i\000r\000r\000a\000d\000i\000a\000t\000i\000o\000n\000\040\000o\000n\000\040\000t\000h\000e\000\040\000E\000a\000r\000t\000h\000'\000s\000\040\000s\000u\000r\000f\000a\000c\000e}{section.2.3}% 19
\BOOKMARK [2][-]{subsection.2.3.3}{\376\377\000P\000h\000o\000t\000o\000v\000o\000l\000t\000a\000i\000c\000\040\000e\000n\000e\000r\000g\000y\000\040\000y\000i\000e\000l\000d}{section.2.3}% 20
\BOOKMARK [2][-]{subsection.2.3.4}{\376\377\000P\000h\000o\000t\000o\000v\000o\000l\000t\000a\000i\000c\000\040\000g\000e\000n\000e\000r\000a\000t\000o\000r\000\040\000a\000l\000i\000g\000n\000m\000e\000n\000t}{section.2.3}% 21
\BOOKMARK [2][-]{subsection.2.3.5}{\376\377\000M\000o\000d\000e\000l\000i\000n\000g\000\040\000t\000h\000e\000\040\000s\000o\000l\000a\000r\000\040\000e\000n\000e\000r\000g\000y\000\040\000c\000u\000r\000v\000e}{section.2.3}% 22
\BOOKMARK [2][-]{subsection.2.3.6}{\376\377\000P\000h\000o\000t\000o\000v\000o\000l\000t\000a\000i\000c\000\040\000g\000e\000n\000e\000r\000a\000t\000o\000r\000s}{section.2.3}% 23
\BOOKMARK [2][-]{subsection.2.3.7}{\376\377\000M\000P\000P\000\040\000t\000r\000a\000c\000k\000i\000n\000g\000\040\000s\000o\000l\000a\000r\000\040\000c\000h\000a\000r\000g\000i\000n\000g\000\040\000c\000o\000n\000t\000r\000o\000l\000l\000e\000r\000s}{section.2.3}% 24
\BOOKMARK [2][-]{subsection.2.3.8}{\376\377\000E\000l\000e\000c\000t\000r\000o\000c\000h\000e\000m\000i\000c\000a\000l\000\040\000e\000n\000e\000r\000g\000y\000\040\000s\000t\000o\000r\000a\000g\000e}{section.2.3}% 25
\BOOKMARK [2][-]{subsection.2.3.9}{\376\377\000C\000a\000b\000l\000e\000\040\000l\000o\000s\000s\000e\000s}{section.2.3}% 26
\BOOKMARK [2][-]{subsection.2.3.10}{\376\377\000M\000a\000r\000t\000i\000a\000n\000\040\000a\000p\000p\000l\000i\000c\000a\000t\000i\000o\000n}{section.2.3}% 27
\BOOKMARK [1][-]{section.2.4}{\376\377\000V\000o\000i\000c\000e\000\040\000c\000o\000m\000m\000u\000n\000i\000c\000a\000t\000i\000o\000n\000\040\000s\000y\000s\000t\000e\000m}{chapter.2}% 28
\BOOKMARK [2][-]{subsection.2.4.1}{\376\377\000L\000o\000a\000d\000\040\000f\000o\000r\000\040\000t\000h\000e\000\040\000e\000l\000e\000c\000t\000r\000i\000c\000a\000l\000\040\000e\000n\000e\000r\000g\000y\000\040\000d\000i\000s\000t\000r\000i\000b\000u\000t\000i\000o\000n}{section.2.4}% 29
\BOOKMARK [2][-]{subsection.2.4.2}{\376\377\000F\000r\000e\000e\000\040\000s\000p\000a\000c\000e\000\040\000s\000i\000g\000n\000a\000l\000\040\000b\000u\000d\000g\000e\000t}{section.2.4}% 30
\BOOKMARK [2][-]{subsection.2.4.3}{\376\377\000P\000l\000a\000n\000e\000\040\000e\000a\000r\000t\000h\000\040\000s\000i\000g\000n\000a\000l\000\040\000b\000u\000d\000g\000e\000t}{section.2.4}% 31
\BOOKMARK [2][-]{subsection.2.4.4}{\376\377\000M\000a\000r\000t\000i\000a\000n\000\040\000a\000p\000p\000l\000i\000c\000a\000t\000i\000o\000n}{section.2.4}% 32
\BOOKMARK [0][-]{chapter.3}{\376\377\000R\000e\000s\000u\000l\000t\000s}{}% 33
\BOOKMARK [1][-]{section.3.1}{\376\377\000S\000y\000s\000t\000e\000m\000\040\000d\000e\000s\000i\000g\000n}{chapter.3}% 34
\BOOKMARK [2][-]{subsection.3.1.1}{\376\377\000B\000a\000s\000e\000\040\000s\000t\000a\000t\000i\000o\000n\000\040\000r\000a\000d\000i\000o\000\040\000i\000n\000f\000r\000a\000s\000t\000r\000u\000c\000t\000u\000r\000e}{section.3.1}% 35
\BOOKMARK [2][-]{subsection.3.1.2}{\376\377\000R\000e\000p\000e\000a\000t\000e\000r\000\040\000r\000a\000d\000i\000o\000\040\000i\000n\000f\000r\000a\000s\000t\000r\000u\000c\000t\000u\000r\000e}{section.3.1}% 36
\BOOKMARK [2][-]{subsection.3.1.3}{\376\377\000S\000e\000r\000e\000n\000i\000t\000y\000\040\000r\000a\000d\000i\000o\000\040\000s\000y\000s\000t\000e\000m}{section.3.1}% 37
\BOOKMARK [2][-]{subsection.3.1.4}{\376\377\000S\000a\000f\000e\000t\000y\000\040\000o\000f\000f\000i\000c\000e\000r\000\040\000r\000a\000d\000i\000o}{section.3.1}% 38
\BOOKMARK [2][-]{subsection.3.1.5}{\376\377\000O\000n\000-\000s\000i\000t\000e\000\040\000s\000u\000p\000p\000o\000r\000t\000\040\000c\000r\000e\000w\000\040\000r\000a\000d\000i\000o}{section.3.1}% 39
\BOOKMARK [1][-]{section.3.2}{\376\377\000L\000i\000n\000k\000\040\000b\000u\000d\000g\000e\000t\000\040\000e\000s\000t\000i\000m\000a\000t\000i\000o\000n}{chapter.3}% 40
\BOOKMARK [2][-]{subsection.3.2.1}{\376\377\000C\000o\000m\000m\000u\000n\000i\000c\000a\000t\000i\000o\000n\000\040\000l\000i\000n\000k\000s\000\040\000a\000n\000d\000\040\000f\000a\000d\000e\000\040\000m\000a\000r\000g\000i\000n}{section.3.2}% 41
\BOOKMARK [2][-]{subsection.3.2.2}{\376\377\000A\000d\000d\000i\000t\000i\000o\000n\000a\000l\000\040\000c\000o\000v\000e\000r\000a\000g\000e\000\040\000a\000r\000e\000a\000\040\000a\000r\000o\000u\000n\000d\000\040\000t\000h\000e\000\040\000b\000a\000s\000e\000\040\000s\000t\000a\000t\000i\000o\000n}{section.3.2}% 42
\BOOKMARK [1][-]{section.3.3}{\376\377\000S\000e\000l\000f\000-\000s\000u\000f\000f\000i\000c\000i\000e\000n\000t\000\040\000e\000n\000e\000r\000g\000y\000\040\000d\000i\000s\000t\000r\000i\000b\000u\000t\000i\000o\000n\000\040\000s\000y\000s\000t\000e\000m}{chapter.3}% 43
\BOOKMARK [2][-]{subsection.3.3.1}{\376\377\000P\000h\000o\000t\000o\000v\000o\000l\000t\000a\000i\000c\000\040\000g\000e\000n\000e\000r\000a\000t\000o\000r\000\040\000m\000o\000d\000e\000l}{section.3.3}% 44
\BOOKMARK [2][-]{subsection.3.3.2}{\376\377\000b\000o\000l\000d\0000\000m\000u\000\040\000m\000u\000m\000u\000\040\000L\000i\000F\000e\000P\000O\0004\000L\000i\000F\000e\000P\000O\0004\000d\000o\000t\000t\000e\000d\000L\000i\000F\000e\000P\000O\0004\000L\000i\000F\000e\000P\000O\0004\000L\000i\000F\000e\000P\000O\0004\000L\000i\000F\000e\000P\000O\0004\000\040\000b\000a\000t\000t\000e\000r\000y\000\040\000m\000o\000d\000e\000l}{section.3.3}% 45
\BOOKMARK [2][-]{subsection.3.3.3}{\376\377\000P\000e\000r\000f\000o\000r\000m\000a\000n\000c\000e\000\040\000e\000s\000t\000i\000m\000a\000t\000i\000o\000n}{section.3.3}% 46
\BOOKMARK [0][-]{chapter.4}{\376\377\000C\000o\000n\000c\000l\000u\000s\000i\000o\000n\000\040\000a\000n\000d\000\040\000c\000r\000i\000t\000i\000c\000a\000l\000\040\000r\000e\000f\000l\000e\000c\000t\000i\000o\000n}{}% 47
\BOOKMARK [1][-]{section.4.1}{\376\377\000C\000o\000n\000c\000l\000u\000s\000i\000o\000n}{chapter.4}% 48
\BOOKMARK [2][-]{subsection.4.1.1}{\376\377\000V\000o\000i\000c\000e\000\040\000c\000o\000m\000m\000u\000n\000i\000c\000a\000t\000i\000o\000n\000\040\000s\000y\000s\000t\000e\000m}{section.4.1}% 49
\BOOKMARK [2][-]{subsection.4.1.2}{\376\377\000S\000e\000l\000f\000-\000s\000u\000f\000f\000i\000c\000i\000e\000n\000t\000\040\000e\000n\000e\000r\000g\000y\000\040\000d\000i\000s\000t\000r\000i\000b\000u\000t\000i\000o\000n\000\040\000s\000y\000s\000t\000e\000m}{section.4.1}% 50
\BOOKMARK [2][-]{subsection.4.1.3}{\376\377\000M\000a\000r\000t\000i\000a\000n\000\040\000a\000p\000p\000l\000i\000c\000a\000t\000i\000o\000n}{section.4.1}% 51
\BOOKMARK [1][-]{section.4.2}{\376\377\000C\000r\000i\000t\000i\000c\000a\000l\000\040\000r\000e\000f\000e\000l\000c\000t\000i\000o\000n}{chapter.4}% 52
\BOOKMARK [2][-]{subsection.4.2.1}{\376\377\000V\000o\000i\000c\000e\000\040\000c\000o\000m\000m\000u\000n\000i\000c\000a\000t\000i\000o\000n\000\040\000s\000y\000s\000t\000e\000m}{section.4.2}% 53
\BOOKMARK [2][-]{subsection.4.2.2}{\376\377\000S\000e\000l\000f\000-\000s\000u\000f\000f\000i\000c\000i\000e\000n\000t\000\040\000e\000n\000e\000r\000g\000y\000\040\000d\000i\000s\000t\000r\000i\000b\000u\000t\000i\000o\000n\000\040\000s\000y\000s\000t\000e\000m}{section.4.2}% 54
\BOOKMARK [0][-]{appendix.A}{\376\377\000A\000u\000s\000t\000r\000i\000a\000n\000\040\000S\000p\000a\000c\000e\000\040\000F\000o\000r\000u\000m}{}% 55
\BOOKMARK [1][-]{section.A.1}{\376\377\000H\000i\000s\000t\000o\000r\000y}{appendix.A}% 56
\BOOKMARK [1][-]{section.A.2}{\376\377\000S\000e\000r\000e\000n\000i\000t\000y\000\040\000s\000p\000a\000c\000e\000s\000u\000i\000t\000\040\000s\000i\000m\000u\000l\000a\000t\000o\000r}{appendix.A}% 57
\BOOKMARK [0][-]{appendix.B}{\376\377\000M\000a\000t\000h\000e\000m\000a\000t\000i\000c\000a\000l\000\040\000b\000a\000s\000i\000c\000s}{}% 58
\BOOKMARK [1][-]{section.B.1}{\376\377\000I\000n\000t\000e\000g\000r\000a\000l\000\040\000o\000f\000\040\000t\000h\000e\000\040\000G\000a\000u\000s\000s\000i\000a\000n\000\040\000b\000e\000l\000l\000\040\000c\000u\000r\000v\000e}{appendix.B}% 59
\BOOKMARK [1][-]{section.B.2}{\376\377\000N\000e\000w\000t\000o\000n\000-\000R\000a\000p\000h\000s\000o\000n\000\040\000m\000e\000t\000h\000o\000d}{appendix.B}% 60
\BOOKMARK [0][-]{appendix.C}{\376\377\000M\000a\000t\000l\000a\000b\000\040\000a\000n\000d\000\040\000M\000a\000p\000l\000e\000\040\000s\000o\000u\000r\000c\000e\000\040\000c\000o\000d\000e\000s}{}% 61
\BOOKMARK [1][-]{section.C.1}{\376\377\000M\000a\000t\000l\000a\000b\000\040\000s\000i\000m\000u\000l\000a\000t\000i\000o\000n\000\040\000o\000f\000\040\000t\000h\000e\000\040\000s\000e\000l\000f\000-\000s\000u\000f\000f\000i\000c\000i\000e\000n\000t\000\040\000e\000n\000e\000r\000g\000y\000\040\000d\000i\000s\000t\000r\000i\000b\000u\000t\000i\000o\000n\000\040\000s\000y\000s\000t\000e\000m}{appendix.C}% 62
\BOOKMARK [1][-]{section.C.2}{\376\377\000M\000a\000p\000l\000e\000\040\000s\000o\000u\000r\000c\000e\000\040\000c\000o\000d\000e\000\040\000f\000o\000r\000\040\000t\000h\000e\000\040\000J\000a\000c\000o\000b\000i\000a\000n\000\040\000m\000a\000t\000r\000i\000x}{appendix.C}% 63
\BOOKMARK [0][-]{section.C.2}{\376\377\000R\000e\000f\000e\000r\000e\000n\000c\000e\000s}{}% 64
